{"context":"NestFactory","level":"\u001b[32minfo\u001b[39m","message":"Starting Nest application...","timestamp":"2025-10-02 14:27:00"}
{"context":"InstanceLoader","level":"\u001b[32minfo\u001b[39m","message":"BullModule dependencies initialized","timestamp":"2025-10-02 14:27:00"}
{"context":"InstanceLoader","level":"\u001b[32minfo\u001b[39m","message":"ConfigHostModule dependencies initialized","timestamp":"2025-10-02 14:27:00"}
{"context":"InstanceLoader","level":"\u001b[32minfo\u001b[39m","message":"DiscoveryModule dependencies initialized","timestamp":"2025-10-02 14:27:00"}
{"context":"InstanceLoader","level":"\u001b[32minfo\u001b[39m","message":"PrometheusModule dependencies initialized","timestamp":"2025-10-02 14:27:00"}
{"context":"InstanceLoader","level":"\u001b[32minfo\u001b[39m","message":"SwaggerDocsModule dependencies initialized","timestamp":"2025-10-02 14:27:00"}
{"context":"InstanceLoader","level":"\u001b[32minfo\u001b[39m","message":"LoggerModule dependencies initialized","timestamp":"2025-10-02 14:27:00"}
{"context":"InstanceLoader","level":"\u001b[32minfo\u001b[39m","message":"ConfigModule dependencies initialized","timestamp":"2025-10-02 14:27:00"}
{"context":"InstanceLoader","level":"\u001b[32minfo\u001b[39m","message":"ConfigModule dependencies initialized","timestamp":"2025-10-02 14:27:00"}
{"context":"InstanceLoader","level":"\u001b[32minfo\u001b[39m","message":"ServeStaticModule dependencies initialized","timestamp":"2025-10-02 14:27:00"}
{"context":"InstanceLoader","level":"\u001b[32minfo\u001b[39m","message":"ScheduleModule dependencies initialized","timestamp":"2025-10-02 14:27:00"}
{"context":"InstanceLoader","level":"\u001b[32minfo\u001b[39m","message":"TerminusModule dependencies initialized","timestamp":"2025-10-02 14:27:00"}
{"context":"LighthouseProcessor","level":"\u001b[32minfo\u001b[39m","message":"Processor initialized with concurrency: 3","timestamp":"2025-10-02 14:27:00"}
{"context":"InstanceLoader","level":"\u001b[32minfo\u001b[39m","message":"MetricsModule dependencies initialized","timestamp":"2025-10-02 14:27:00"}
{"context":"InstanceLoader","level":"\u001b[32minfo\u001b[39m","message":"AppModule dependencies initialized","timestamp":"2025-10-02 14:27:00"}
{"context":"InstanceLoader","level":"\u001b[32minfo\u001b[39m","message":"BullModule dependencies initialized","timestamp":"2025-10-02 14:27:00"}
{"context":"InstanceLoader","level":"\u001b[32minfo\u001b[39m","message":"BullModule dependencies initialized","timestamp":"2025-10-02 14:27:00"}
{"context":"InstanceLoader","level":"\u001b[32minfo\u001b[39m","message":"BullModule dependencies initialized","timestamp":"2025-10-02 14:27:00"}
{"context":"InstanceLoader","level":"\u001b[32minfo\u001b[39m","message":"JwtModule dependencies initialized","timestamp":"2025-10-02 14:27:00"}
{"context":"InstanceLoader","level":"\u001b[32minfo\u001b[39m","message":"AuthModule dependencies initialized","timestamp":"2025-10-02 14:27:00"}
{"context":"InstanceLoader","level":"\u001b[32minfo\u001b[39m","message":"HealthModule dependencies initialized","timestamp":"2025-10-02 14:27:00"}
{"context":"InstanceLoader","level":"\u001b[32minfo\u001b[39m","message":"ConfigurationModule dependencies initialized","timestamp":"2025-10-02 14:27:00"}
{"context":"InstanceLoader","level":"\u001b[32minfo\u001b[39m","message":"LighthouseModule dependencies initialized","timestamp":"2025-10-02 14:27:00"}
{"context":"RoutesResolver","level":"\u001b[32minfo\u001b[39m","message":"LoggerController {/logs}:","timestamp":"2025-10-02 14:27:00"}
{"context":"RouterExplorer","level":"\u001b[32minfo\u001b[39m","message":"Mapped {/logs, GET} route","timestamp":"2025-10-02 14:27:00"}
{"context":"RouterExplorer","level":"\u001b[32minfo\u001b[39m","message":"Mapped {/logs/stats, GET} route","timestamp":"2025-10-02 14:27:00"}
{"context":"RoutesResolver","level":"\u001b[32minfo\u001b[39m","message":"PrometheusController {/metrics}:","timestamp":"2025-10-02 14:27:00"}
{"context":"RouterExplorer","level":"\u001b[32minfo\u001b[39m","message":"Mapped {/metrics, GET} route","timestamp":"2025-10-02 14:27:00"}
{"context":"RoutesResolver","level":"\u001b[32minfo\u001b[39m","message":"LighthouseAuditController {/lighthouse}:","timestamp":"2025-10-02 14:27:00"}
{"context":"RouterExplorer","level":"\u001b[32minfo\u001b[39m","message":"Mapped {/lighthouse/audit, POST} route","timestamp":"2025-10-02 14:27:00"}
{"context":"RouterExplorer","level":"\u001b[32minfo\u001b[39m","message":"Mapped {/lighthouse/batch, POST} route","timestamp":"2025-10-02 14:27:00"}
{"context":"RouterExplorer","level":"\u001b[32minfo\u001b[39m","message":"Mapped {/lighthouse/job/:jobId, GET} route","timestamp":"2025-10-02 14:27:00"}
{"context":"RouterExplorer","level":"\u001b[32minfo\u001b[39m","message":"Mapped {/lighthouse/batch/:batchId, GET} route","timestamp":"2025-10-02 14:27:00"}
{"context":"RoutesResolver","level":"\u001b[32minfo\u001b[39m","message":"LighthouseAdminController {/lighthouse}:","timestamp":"2025-10-02 14:27:00"}
{"context":"RouterExplorer","level":"\u001b[32minfo\u001b[39m","message":"Mapped {/lighthouse/stats, GET} route","timestamp":"2025-10-02 14:27:00"}
{"context":"RouterExplorer","level":"\u001b[32minfo\u001b[39m","message":"Mapped {/lighthouse/cleanup, POST} route","timestamp":"2025-10-02 14:27:00"}
{"context":"RouterExplorer","level":"\u001b[32minfo\u001b[39m","message":"Mapped {/lighthouse/batches, GET} route","timestamp":"2025-10-02 14:27:00"}
{"context":"RoutesResolver","level":"\u001b[32minfo\u001b[39m","message":"HealthController {/health}:","timestamp":"2025-10-02 14:27:00"}
{"context":"RouterExplorer","level":"\u001b[32minfo\u001b[39m","message":"Mapped {/health, GET} route","timestamp":"2025-10-02 14:27:00"}
{"context":"RouterExplorer","level":"\u001b[32minfo\u001b[39m","message":"Mapped {/health/ready, GET} route","timestamp":"2025-10-02 14:27:00"}
{"context":"RoutesResolver","level":"\u001b[32minfo\u001b[39m","message":"SwaggerController {/docs}:","timestamp":"2025-10-02 14:27:00"}
{"context":"RouterExplorer","level":"\u001b[32minfo\u001b[39m","message":"Mapped {/docs/info, GET} route","timestamp":"2025-10-02 14:27:00"}
{"context":"RoutesResolver","level":"\u001b[32minfo\u001b[39m","message":"AuthController {/auth}:","timestamp":"2025-10-02 14:27:00"}
{"context":"RouterExplorer","level":"\u001b[32minfo\u001b[39m","message":"Mapped {/auth/login, POST} route","timestamp":"2025-10-02 14:27:00"}
{"context":"RoutesResolver","level":"\u001b[32minfo\u001b[39m","message":"ConfigController {/config}:","timestamp":"2025-10-02 14:27:00"}
{"context":"RouterExplorer","level":"\u001b[32minfo\u001b[39m","message":"Mapped {/config/public, GET} route","timestamp":"2025-10-02 14:27:00"}
{"context":{"actualWorkerConcurrency":3,"configuredConcurrency":3,"envValue":"3"},"level":"\u001b[32minfo\u001b[39m","message":"Worker configuration:","timestamp":"2025-10-02 14:27:00"}
{"context":"LighthouseProcessor","level":"\u001b[32minfo\u001b[39m","message":"Worker concurrency set to: 3","timestamp":"2025-10-02 14:27:00"}
{"context":"NestApplication","level":"\u001b[32minfo\u001b[39m","message":"Nest application successfully started","timestamp":"2025-10-02 14:27:00"}
{"context":"Bootstrap","level":"\u001b[32minfo\u001b[39m","message":"Received SIGINT, starting graceful shutdown...","timestamp":"2025-10-02 14:29:30"}
{"context":"LighthouseProcessor","level":"\u001b[32minfo\u001b[39m","message":"Graceful shutdown initiated, waiting for active jobs to complete...","timestamp":"2025-10-02 14:29:30"}
{"context":"LighthouseProcessor","level":"\u001b[32minfo\u001b[39m","message":"All jobs completed successfully. Processor shutdown complete.","timestamp":"2025-10-02 14:29:30"}
{"context":"LighthouseProcessor","level":"\u001b[32minfo\u001b[39m","message":"Graceful shutdown initiated, waiting for active jobs to complete...","timestamp":"2025-10-02 14:29:30"}
{"context":"LighthouseProcessor","level":"\u001b[32minfo\u001b[39m","message":"All jobs completed successfully. Processor shutdown complete.","timestamp":"2025-10-02 14:29:30"}
{"context":"Bootstrap","level":"\u001b[32minfo\u001b[39m","message":"Application closed successfully","timestamp":"2025-10-02 14:29:30"}
{"context":"NestFactory","level":"\u001b[32minfo\u001b[39m","message":"Starting Nest application...","timestamp":"2025-10-02 14:29:47"}
{"context":"InstanceLoader","level":"\u001b[32minfo\u001b[39m","message":"BullModule dependencies initialized","timestamp":"2025-10-02 14:29:47"}
{"context":"InstanceLoader","level":"\u001b[32minfo\u001b[39m","message":"ConfigHostModule dependencies initialized","timestamp":"2025-10-02 14:29:47"}
{"context":"InstanceLoader","level":"\u001b[32minfo\u001b[39m","message":"DiscoveryModule dependencies initialized","timestamp":"2025-10-02 14:29:47"}
{"context":"InstanceLoader","level":"\u001b[32minfo\u001b[39m","message":"PrometheusModule dependencies initialized","timestamp":"2025-10-02 14:29:47"}
{"context":"InstanceLoader","level":"\u001b[32minfo\u001b[39m","message":"SwaggerDocsModule dependencies initialized","timestamp":"2025-10-02 14:29:47"}
{"context":"InstanceLoader","level":"\u001b[32minfo\u001b[39m","message":"LoggerModule dependencies initialized","timestamp":"2025-10-02 14:29:47"}
{"context":"InstanceLoader","level":"\u001b[32minfo\u001b[39m","message":"ConfigModule dependencies initialized","timestamp":"2025-10-02 14:29:47"}
{"context":"InstanceLoader","level":"\u001b[32minfo\u001b[39m","message":"ConfigModule dependencies initialized","timestamp":"2025-10-02 14:29:47"}
{"context":"InstanceLoader","level":"\u001b[32minfo\u001b[39m","message":"ServeStaticModule dependencies initialized","timestamp":"2025-10-02 14:29:47"}
{"context":"InstanceLoader","level":"\u001b[32minfo\u001b[39m","message":"ScheduleModule dependencies initialized","timestamp":"2025-10-02 14:29:47"}
{"context":"InstanceLoader","level":"\u001b[32minfo\u001b[39m","message":"TerminusModule dependencies initialized","timestamp":"2025-10-02 14:29:47"}
{"context":"LighthouseProcessor","level":"\u001b[32minfo\u001b[39m","message":"Processor initialized with concurrency: 3","timestamp":"2025-10-02 14:29:47"}
{"context":"InstanceLoader","level":"\u001b[32minfo\u001b[39m","message":"MetricsModule dependencies initialized","timestamp":"2025-10-02 14:29:47"}
{"context":"InstanceLoader","level":"\u001b[32minfo\u001b[39m","message":"AppModule dependencies initialized","timestamp":"2025-10-02 14:29:47"}
{"context":"InstanceLoader","level":"\u001b[32minfo\u001b[39m","message":"BullModule dependencies initialized","timestamp":"2025-10-02 14:29:47"}
{"context":"InstanceLoader","level":"\u001b[32minfo\u001b[39m","message":"BullModule dependencies initialized","timestamp":"2025-10-02 14:29:47"}
{"context":"InstanceLoader","level":"\u001b[32minfo\u001b[39m","message":"BullModule dependencies initialized","timestamp":"2025-10-02 14:29:47"}
{"context":"InstanceLoader","level":"\u001b[32minfo\u001b[39m","message":"JwtModule dependencies initialized","timestamp":"2025-10-02 14:29:47"}
{"context":"InstanceLoader","level":"\u001b[32minfo\u001b[39m","message":"AuthModule dependencies initialized","timestamp":"2025-10-02 14:29:47"}
{"context":"InstanceLoader","level":"\u001b[32minfo\u001b[39m","message":"HealthModule dependencies initialized","timestamp":"2025-10-02 14:29:47"}
{"context":"InstanceLoader","level":"\u001b[32minfo\u001b[39m","message":"ConfigurationModule dependencies initialized","timestamp":"2025-10-02 14:29:47"}
{"context":"InstanceLoader","level":"\u001b[32minfo\u001b[39m","message":"LighthouseModule dependencies initialized","timestamp":"2025-10-02 14:29:47"}
{"context":"RoutesResolver","level":"\u001b[32minfo\u001b[39m","message":"LoggerController {/logs}:","timestamp":"2025-10-02 14:29:47"}
{"context":"RouterExplorer","level":"\u001b[32minfo\u001b[39m","message":"Mapped {/logs, GET} route","timestamp":"2025-10-02 14:29:47"}
{"context":"RouterExplorer","level":"\u001b[32minfo\u001b[39m","message":"Mapped {/logs/stats, GET} route","timestamp":"2025-10-02 14:29:47"}
{"context":"RoutesResolver","level":"\u001b[32minfo\u001b[39m","message":"PrometheusController {/metrics}:","timestamp":"2025-10-02 14:29:47"}
{"context":"RouterExplorer","level":"\u001b[32minfo\u001b[39m","message":"Mapped {/metrics, GET} route","timestamp":"2025-10-02 14:29:47"}
{"context":"RoutesResolver","level":"\u001b[32minfo\u001b[39m","message":"LighthouseAuditController {/lighthouse}:","timestamp":"2025-10-02 14:29:47"}
{"context":"RouterExplorer","level":"\u001b[32minfo\u001b[39m","message":"Mapped {/lighthouse/audit, POST} route","timestamp":"2025-10-02 14:29:47"}
{"context":"RouterExplorer","level":"\u001b[32minfo\u001b[39m","message":"Mapped {/lighthouse/batch, POST} route","timestamp":"2025-10-02 14:29:47"}
{"context":"RouterExplorer","level":"\u001b[32minfo\u001b[39m","message":"Mapped {/lighthouse/job/:jobId, GET} route","timestamp":"2025-10-02 14:29:47"}
{"context":"RouterExplorer","level":"\u001b[32minfo\u001b[39m","message":"Mapped {/lighthouse/batch/:batchId, GET} route","timestamp":"2025-10-02 14:29:47"}
{"context":"RoutesResolver","level":"\u001b[32minfo\u001b[39m","message":"LighthouseAdminController {/lighthouse}:","timestamp":"2025-10-02 14:29:47"}
{"context":"RouterExplorer","level":"\u001b[32minfo\u001b[39m","message":"Mapped {/lighthouse/stats, GET} route","timestamp":"2025-10-02 14:29:47"}
{"context":"RouterExplorer","level":"\u001b[32minfo\u001b[39m","message":"Mapped {/lighthouse/cleanup, POST} route","timestamp":"2025-10-02 14:29:47"}
{"context":"RouterExplorer","level":"\u001b[32minfo\u001b[39m","message":"Mapped {/lighthouse/batches, GET} route","timestamp":"2025-10-02 14:29:47"}
{"context":"RoutesResolver","level":"\u001b[32minfo\u001b[39m","message":"HealthController {/health}:","timestamp":"2025-10-02 14:29:47"}
{"context":"RouterExplorer","level":"\u001b[32minfo\u001b[39m","message":"Mapped {/health, GET} route","timestamp":"2025-10-02 14:29:47"}
{"context":"RouterExplorer","level":"\u001b[32minfo\u001b[39m","message":"Mapped {/health/ready, GET} route","timestamp":"2025-10-02 14:29:47"}
{"context":"RoutesResolver","level":"\u001b[32minfo\u001b[39m","message":"SwaggerController {/docs}:","timestamp":"2025-10-02 14:29:47"}
{"context":"RouterExplorer","level":"\u001b[32minfo\u001b[39m","message":"Mapped {/docs/info, GET} route","timestamp":"2025-10-02 14:29:47"}
{"context":"RoutesResolver","level":"\u001b[32minfo\u001b[39m","message":"AuthController {/auth}:","timestamp":"2025-10-02 14:29:47"}
{"context":"RouterExplorer","level":"\u001b[32minfo\u001b[39m","message":"Mapped {/auth/login, POST} route","timestamp":"2025-10-02 14:29:47"}
{"context":"RoutesResolver","level":"\u001b[32minfo\u001b[39m","message":"ConfigController {/config}:","timestamp":"2025-10-02 14:29:47"}
{"context":"RouterExplorer","level":"\u001b[32minfo\u001b[39m","message":"Mapped {/config/public, GET} route","timestamp":"2025-10-02 14:29:47"}
{"context":{"actualWorkerConcurrency":3,"configuredConcurrency":3,"envValue":"3"},"level":"\u001b[32minfo\u001b[39m","message":"Worker configuration:","timestamp":"2025-10-02 14:29:47"}
{"context":"LighthouseProcessor","level":"\u001b[32minfo\u001b[39m","message":"Worker concurrency set to: 3","timestamp":"2025-10-02 14:29:47"}
{"context":"NestApplication","level":"\u001b[32minfo\u001b[39m","message":"Nest application successfully started","timestamp":"2025-10-02 14:29:47"}
{"context":"LighthouseService","level":"\u001b[32minfo\u001b[39m","message":"Creating batch 1b7ea8d9-0496-4fac-9207-928fbe3f108b with 5 URLs","timestamp":"2025-10-02 14:40:15"}
{"context":"LighthouseProcessor","level":"\u001b[32minfo\u001b[39m","message":"Job 273601bf-ed56-4cb7-bee2-528f4073688c is now active","timestamp":"2025-10-02 14:40:15"}
{"context":"LighthouseProcessor","level":"\u001b[32minfo\u001b[39m","message":"Starting Lighthouse audit for https://example.com (Job: 273601bf-ed56-4cb7-bee2-528f4073688c) - Active jobs: 1","timestamp":"2025-10-02 14:40:15"}
{"context":"LighthouseProcessor","level":"\u001b[32minfo\u001b[39m","message":"Job e5d2bf87-9bf2-40ab-b873-182ef49e4aae is now active","timestamp":"2025-10-02 14:40:15"}
{"context":"LighthouseProcessor","level":"\u001b[32minfo\u001b[39m","message":"Starting Lighthouse audit for https://www.google.com (Job: e5d2bf87-9bf2-40ab-b873-182ef49e4aae) - Active jobs: 2","timestamp":"2025-10-02 14:40:15"}
{"context":"LighthouseProcessor","level":"\u001b[32minfo\u001b[39m","message":"Job dc080841-097f-47c6-a7f2-7f2db68c97d6 is now active","timestamp":"2025-10-02 14:40:15"}
{"context":"LighthouseProcessor","level":"\u001b[32minfo\u001b[39m","message":"Starting Lighthouse audit for https://github.com (Job: dc080841-097f-47c6-a7f2-7f2db68c97d6) - Active jobs: 3","timestamp":"2025-10-02 14:40:15"}
{"context":"LighthouseProcessor","level":"\u001b[32minfo\u001b[39m","message":"Completed audit for https://example.com in 7442ms","timestamp":"2025-10-02 14:40:24"}
{"context":"LighthouseProcessor","level":"\u001b[32minfo\u001b[39m","message":"Job completed for https://example.com - Active jobs: 2","timestamp":"2025-10-02 14:40:24"}
{"context":"LighthouseProcessor","level":"\u001b[32minfo\u001b[39m","message":"Job 273601bf-ed56-4cb7-bee2-528f4073688c completed successfully","timestamp":"2025-10-02 14:40:24"}
{"context":"LighthouseProcessor","level":"\u001b[32minfo\u001b[39m","message":"Job a91357da-dcf7-4a2f-8a4a-9d5455e5d6fb is now active","timestamp":"2025-10-02 14:40:24"}
{"context":"LighthouseProcessor","level":"\u001b[32minfo\u001b[39m","message":"Starting Lighthouse audit for https://stackoverflow.com (Job: a91357da-dcf7-4a2f-8a4a-9d5455e5d6fb) - Active jobs: 3","timestamp":"2025-10-02 14:40:24"}
{"context":"LighthouseProcessor","level":"\u001b[32minfo\u001b[39m","message":"Completed audit for https://www.google.com in 11203ms","timestamp":"2025-10-02 14:40:28"}
{"context":"LighthouseProcessor","level":"\u001b[32minfo\u001b[39m","message":"Job completed for https://www.google.com - Active jobs: 2","timestamp":"2025-10-02 14:40:28"}
{"context":"LighthouseProcessor","level":"\u001b[32minfo\u001b[39m","message":"Job e5d2bf87-9bf2-40ab-b873-182ef49e4aae completed successfully","timestamp":"2025-10-02 14:40:28"}
{"context":"LighthouseProcessor","level":"\u001b[32minfo\u001b[39m","message":"Job b8e59a8c-271e-4e30-a268-824fc6eab594 is now active","timestamp":"2025-10-02 14:40:28"}
{"context":"LighthouseProcessor","level":"\u001b[32minfo\u001b[39m","message":"Starting Lighthouse audit for https://www.npmjs.com (Job: b8e59a8c-271e-4e30-a268-824fc6eab594) - Active jobs: 3","timestamp":"2025-10-02 14:40:28"}
{"context":"LighthouseProcessor","level":"\u001b[32minfo\u001b[39m","message":"Completed audit for https://github.com in 16621ms","timestamp":"2025-10-02 14:40:33"}
{"context":"LighthouseProcessor","level":"\u001b[32minfo\u001b[39m","message":"Job completed for https://github.com - Active jobs: 2","timestamp":"2025-10-02 14:40:33"}
{"context":"LighthouseProcessor","level":"\u001b[32minfo\u001b[39m","message":"Job dc080841-097f-47c6-a7f2-7f2db68c97d6 completed successfully","timestamp":"2025-10-02 14:40:33"}
{"context":"LighthouseProcessor","level":"\u001b[32minfo\u001b[39m","message":"Completed audit for https://www.npmjs.com in 8473ms","timestamp":"2025-10-02 14:40:37"}
{"context":"LighthouseProcessor","level":"\u001b[32minfo\u001b[39m","message":"Job completed for https://www.npmjs.com - Active jobs: 1","timestamp":"2025-10-02 14:40:37"}
{"context":"LighthouseProcessor","level":"\u001b[32minfo\u001b[39m","message":"Job b8e59a8c-271e-4e30-a268-824fc6eab594 completed successfully","timestamp":"2025-10-02 14:40:37"}
{"context":"LighthouseProcessor","level":"\u001b[32minfo\u001b[39m","message":"Completed audit for https://stackoverflow.com in 16647ms","timestamp":"2025-10-02 14:40:42"}
{"context":"LighthouseProcessor","level":"\u001b[32minfo\u001b[39m","message":"Job completed for https://stackoverflow.com - Active jobs: 0","timestamp":"2025-10-02 14:40:42"}
{"context":"LighthouseProcessor","level":"\u001b[32minfo\u001b[39m","message":"Job a91357da-dcf7-4a2f-8a4a-9d5455e5d6fb completed successfully","timestamp":"2025-10-02 14:40:42"}
{"context":"LighthouseCleanupService","level":"\u001b[32minfo\u001b[39m","message":"Complete cleanup triggered - cleaning EVERYTHING","timestamp":"2025-10-02 14:41:48"}
{"context":"LighthouseService","level":"\u001b[32minfo\u001b[39m","message":"Cleared 1 batch(es) from memory","timestamp":"2025-10-02 14:41:48"}
{"context":"LighthouseCleanupService","level":"\u001b[32minfo\u001b[39m","message":"Complete cleanup done. Removed 220 jobs (220 completed, 0 failed), cleared all batches","timestamp":"2025-10-02 14:41:48"}
